Using pre-set license
Built from '2020.3/staging' branch; Version is '2020.3.13f1 (71691879b7f5) revision 7432472'; Using compiler version '192528614'; Build Type 'Release'
OS: 'Windows 10 Home Single Language; OS build 19042.1415; Version 2009; 64bit' Language: 'tr' Physical Memory: 16273 MB
BatchMode: 1, IsHumanControllingUs: 0, StartBugReporterOnCrash: 0, Is64bit: 1, IsPro: 0

 COMMAND LINE ARGUMENTS:
C:\Program Files\Unity\Hub\Editor\2020.3.13f1\Editor\Unity.exe
-adb2
-batchMode
-noUpm
-name
AssetImportWorker0
-projectPath
C:/Users/user/OneDrive/Belgeler/GitHub/Puzzle-Basket/basketPuzzle
-logFile
Logs/AssetImportWorker0.log
-srvPort
55669
Successfully changed project path to: C:/Users/user/OneDrive/Belgeler/GitHub/Puzzle-Basket/basketPuzzle
C:/Users/user/OneDrive/Belgeler/GitHub/Puzzle-Basket/basketPuzzle
Using Asset Import Pipeline V2.
Refreshing native plugins compatible for Editor in 30.49 ms, found 2 plugins.
Preloading 0 native plugins for Editor in 0.00 ms.
Initialize engine version: 2020.3.13f1 (71691879b7f5)
[Subsystems] Discovering subsystems at path C:/Program Files/Unity/Hub/Editor/2020.3.13f1/Editor/Data/Resources/UnitySubsystems
[Subsystems] Discovering subsystems at path C:/Users/user/OneDrive/Belgeler/GitHub/Puzzle-Basket/basketPuzzle/Assets
GfxDevice: creating device client; threaded=0
Direct3D:
    Version:  Direct3D 11.0 [level 11.1]
    Renderer: NVIDIA GeForce GTX 1050 (ID=0x1c8d)
    Vendor:   
    VRAM:     4019 MB
    Driver:   30.0.14.7247
Initialize mono
Mono path[0] = 'C:/Program Files/Unity/Hub/Editor/2020.3.13f1/Editor/Data/Managed'
Mono path[1] = 'C:/Program Files/Unity/Hub/Editor/2020.3.13f1/Editor/Data/MonoBleedingEdge/lib/mono/unityjit'
Mono config path = 'C:/Program Files/Unity/Hub/Editor/2020.3.13f1/Editor/Data/MonoBleedingEdge/etc'
Using monoOptions --debugger-agent=transport=dt_socket,embedding=1,server=y,suspend=n,address=127.0.0.1:56132
Begin MonoManager ReloadAssembly
Registering precompiled unity dll's ...
Register platform support module: C:/Program Files/Unity/Hub/Editor/2020.3.13f1/Editor/Data/PlaybackEngines/WindowsStandaloneSupport/UnityEditor.WindowsStandalone.Extensions.dll
Registered in 0.001940 seconds.
Native extension for WindowsStandalone target not found
Refreshing native plugins compatible for Editor in 28.75 ms, found 2 plugins.
Preloading 0 native plugins for Editor in 0.00 ms.
Mono: successfully reloaded assembly
- Completed reload, in  0.984 seconds
Platform modules already initialized, skipping
Registering precompiled user dll's ...
Registered in 0.005330 seconds.
Begin MonoManager ReloadAssembly
Native extension for WindowsStandalone target not found
Refreshing native plugins compatible for Editor in 0.32 ms, found 2 plugins.
Preloading 0 native plugins for Editor in 0.00 ms.
Mono: successfully reloaded assembly
- Completed reload, in  0.903 seconds
Platform modules already initialized, skipping
========================================================================
Worker process is ready to serve import requests
Launched and connected shader compiler UnityShaderCompiler.exe after 0.04 seconds
Refreshing native plugins compatible for Editor in 0.31 ms, found 2 plugins.
Preloading 0 native plugins for Editor in 0.00 ms.
Unloading 1424 Unused Serialized files (Serialized files now loaded: 0)
System memory in use before: 67.0 MB.
System memory in use after: 67.1 MB.

Unloading 21 unused Assets to reduce memory usage. Loaded Objects now: 1864.
Total: 2.091400 ms (FindLiveObjects: 0.133400 ms CreateObjectMapping: 0.036300 ms MarkObjects: 1.863700 ms  DeleteObjects: 0.057000 ms)

AssetImportParameters requested are different than current active one (requested -> active):
  custom:framework-win-MediaFoundation: 216162199b28c13a410421893ffa2e32 -> 
  custom:video-decoder-ogg-theora: a1e56fd34408186e4bbccfd4996cb3dc -> 
  custom:container-muxer-webm: aa71ff27fc2769a1b78a27578f13a17b -> 
  custom:container-demuxer-webm: 4f35f7cbe854078d1ac9338744f61a02 -> 
  custom:container-demuxer-ogg: 62fdf1f143b41e24485cea50d1cbac27 -> 
  custom:video-encoder-webm-vp8: eb34c28f22e8b96e1ab97ce403110664 -> 
  custom:video-codec-MediaFoundation-h265: 746d11721c4dcdbdad8f713fa42b33f4 -> 
  custom:video-decoder-webm-vp8: 9c59270c3fd7afecdb556c50c9e8de78 -> 
  custom:audio-decoder-ogg-vorbis: bf7c407c2cedff20999df2af8eb42d56 -> 
  custom:audio-encoder-webm-vorbis: bf7c407c2cedff20999df2af8eb42d56 -> 
========================================================================
Received Import Request.
  path: Assets/Buket/Materials
  artifactKey: Guid(64250796ebf4b4c448836547e48e98c2) Importer(815301076,1909f56bfc062723c751e8b465ee728b)
Start importing Assets/Buket/Materials using Guid(64250796ebf4b4c448836547e48e98c2) Importer(815301076,1909f56bfc062723c751e8b465ee728b)  -> (artifact id: '3c84d7aa942583e93f06feb3e1e9bae5') in 0.007524 seconds 
  Import took 0.009721 seconds .

========================================================================
Received Import Request.
  Time since last request: 5.234227 seconds.
  path: Assets/Buket/Materials/arkaplanla aynı olsun.mat
  artifactKey: Guid(448fec9234c63b748801fc49574511f3) Importer(815301076,1909f56bfc062723c751e8b465ee728b)
Start importing Assets/Buket/Materials/arkaplanla aynı olsun.mat using Guid(448fec9234c63b748801fc49574511f3) Importer(815301076,1909f56bfc062723c751e8b465ee728b)  -> (artifact id: '6935173d96fdb6366cc41cc3dcf09fc8') in 0.116871 seconds 
  Import took 0.119063 seconds .

========================================================================
Received Import Request.
  Time since last request: 0.000284 seconds.
  path: Assets/Buket/Materials/Material.001.mat
  artifactKey: Guid(d991376c88425544bb422d33bfaf2e51) Importer(815301076,1909f56bfc062723c751e8b465ee728b)
Start importing Assets/Buket/Materials/Material.001.mat using Guid(d991376c88425544bb422d33bfaf2e51) Importer(815301076,1909f56bfc062723c751e8b465ee728b)  -> (artifact id: '814d8f511895aae5a77056eadffd45bc') in 0.017826 seconds 
  Import took 0.019956 seconds .

========================================================================
Received Import Request.
  Time since last request: 0.000182 seconds.
  path: Assets/Buket/Materials/oyun kolu.mat
  artifactKey: Guid(389a1ebd72e753e4e8979de65761c4c7) Importer(815301076,1909f56bfc062723c751e8b465ee728b)
Start importing Assets/Buket/Materials/oyun kolu.mat using Guid(389a1ebd72e753e4e8979de65761c4c7) Importer(815301076,1909f56bfc062723c751e8b465ee728b)  -> (artifact id: '5e1c6bb7846f12ffdf7d5d60728dcd1b') in 0.024864 seconds 
  Import took 0.027120 seconds .

========================================================================
Received Import Request.
  Time since last request: 0.000277 seconds.
  path: Assets/Buket/Materials/açık renk.mat
  artifactKey: Guid(52752dd6485fb8e4ea2de7e8a21fd67e) Importer(815301076,1909f56bfc062723c751e8b465ee728b)
Start importing Assets/Buket/Materials/açık renk.mat using Guid(52752dd6485fb8e4ea2de7e8a21fd67e) Importer(815301076,1909f56bfc062723c751e8b465ee728b)  -> (artifact id: 'a24c3aaa991acd7a86cd79800cc62a76') in 0.015365 seconds 
  Import took 0.019630 seconds .

========================================================================
Received Import Request.
  Time since last request: 0.000202 seconds.
  path: Assets/Buket/Materials/koyu çizgiler.mat
  artifactKey: Guid(7ac8bac9ea197f541abed07e849e54e4) Importer(815301076,1909f56bfc062723c751e8b465ee728b)
Start importing Assets/Buket/Materials/koyu çizgiler.mat using Guid(7ac8bac9ea197f541abed07e849e54e4) Importer(815301076,1909f56bfc062723c751e8b465ee728b)  -> (artifact id: '48978396adba3ed424bb61c92203307d') in 0.012221 seconds 
  Import took 0.015602 seconds .

========================================================================
Received Import Request.
  Time since last request: 0.000314 seconds.
  path: Assets/Buket/Materials/basket.mat
  artifactKey: Guid(1a43f405141c6f247a97328ab802235d) Importer(815301076,1909f56bfc062723c751e8b465ee728b)
Start importing Assets/Buket/Materials/basket.mat using Guid(1a43f405141c6f247a97328ab802235d) Importer(815301076,1909f56bfc062723c751e8b465ee728b)  -> (artifact id: '5f633663361d1310e3a0515479d91b13') in 0.015146 seconds 
  Import took 0.017571 seconds .

========================================================================
Received Import Request.
  Time since last request: 0.000197 seconds.
  path: Assets/Buket/Materials/New Material.mat
  artifactKey: Guid(2a065398325c38c4aad59223bdb43b3d) Importer(815301076,1909f56bfc062723c751e8b465ee728b)
Start importing Assets/Buket/Materials/New Material.mat using Guid(2a065398325c38c4aad59223bdb43b3d) Importer(815301076,1909f56bfc062723c751e8b465ee728b)  -> (artifact id: '97f5b202aeb852b9e9bfaff67753d340') in 0.014239 seconds 
  Import took 0.016387 seconds .

========================================================================
Received Import Request.
  Time since last request: 0.000307 seconds.
  path: Assets/Buket/Materials/Material.003.mat
  artifactKey: Guid(745e5674c8f01a343828555a2c7d33b4) Importer(815301076,1909f56bfc062723c751e8b465ee728b)
Start importing Assets/Buket/Materials/Material.003.mat using Guid(745e5674c8f01a343828555a2c7d33b4) Importer(815301076,1909f56bfc062723c751e8b465ee728b)  -> (artifact id: 'be0e9ca1c61826c77ea848d3aebf9284') in 0.015230 seconds 
  Import took 0.017526 seconds .

========================================================================
Received Import Request.
  Time since last request: 0.000303 seconds.
  path: Assets/Buket/Materials/tube.mat
  artifactKey: Guid(c0f69708b80c62d4e87c847f721661a1) Importer(815301076,1909f56bfc062723c751e8b465ee728b)
Start importing Assets/Buket/Materials/tube.mat using Guid(c0f69708b80c62d4e87c847f721661a1) Importer(815301076,1909f56bfc062723c751e8b465ee728b)  -> (artifact id: '5273e19cb76f2531878500b95d8571b1') in 0.011266 seconds 
  Import took 0.014031 seconds .

